<?xml version="1.0" encoding="UTF-8"?>
<!-- Generated by org.testng.reporters.JUnitXMLReporter -->
<testsuite hostname="DESKTOP-N4GHF6I" ignored="0" name="Submit Order Test" tests="3" failures="0" timestamp="2023-08-29T18:10:46 EEST" time="49.638" errors="0">
  <testcase name="submitOrder" time="4.681" classname="ofaqa.tests.SubmitOrderTest"/>
  <testcase name="submitOrder" time="19.213" classname="ofaqa.tests.SubmitOrderTest"/>
  <testcase name="orderHistoryTest" time="1.31" classname="ofaqa.tests.SubmitOrderTest"/>
</testsuite> <!-- Submit Order Test -->
