<?xml version="1.0" encoding="UTF-8"?>
<!-- Generated by org.testng.reporters.JUnitXMLReporter -->
<testsuite ignored="0" hostname="DESKTOP-N4GHF6I" failures="1" tests="3" name="Error Validations Test" time="49.49" errors="0" timestamp="05 Sep 2023 14:54:55 GMT">
  <testcase classname="ofaqa.tests.ErrorValidationsTest" name="loginErrorValidation" time="1.489">
    <skipped/>
  </testcase> <!-- loginErrorValidation -->
  <testcase classname="ofaqa.tests.ErrorValidationsTest" name="loginErrorValidation" time="0.893">
    <failure type="java.lang.AssertionError" message="expected [Incorrect email or password.] but found [Incorrect emailor password.]">
      <![CDATA[java.lang.AssertionError: expected [Incorrect email or password.] but found [Incorrect emailor password.]
at ofaqa.tests.ErrorValidationsTest.loginErrorValidation(ErrorValidationsTest.java:19)
at java.base/java.util.concurrent.FutureTask.run(FutureTask.java:264)
at java.base/java.util.concurrent.ThreadPoolExecutor.runWorker(ThreadPoolExecutor.java:1136)
at java.base/java.util.concurrent.ThreadPoolExecutor$Worker.run(ThreadPoolExecutor.java:635)
at java.base/java.lang.Thread.run(Thread.java:833)
... Removed 22 stack frames]]>
    </failure>
  </testcase> <!-- loginErrorValidation -->
  <testcase classname="ofaqa.tests.ErrorValidationsTest" name="productErrorValidation" time="24.055"/>
</testsuite> <!-- Error Validations Test -->
