<?xml version="1.0" encoding="UTF-8"?>
<!-- Generated by org.testng.reporters.JUnitXMLReporter -->
<testsuite ignored="0" hostname="DESKTOP-N4GHF6I" failures="0" tests="3" name="Submit Order Test" time="54.716" errors="0" timestamp="05 Sep 2023 14:55:00 GMT">
  <testcase classname="ofaqa.tests.SubmitOrderTest" name="submitOrder" time="16.413"/>
  <testcase classname="ofaqa.tests.SubmitOrderTest" name="submitOrder" time="15.932"/>
  <testcase classname="ofaqa.tests.SubmitOrderTest" name="orderHistoryTest" time="1.174"/>
</testsuite> <!-- Submit Order Test -->
