<?xml version="1.0" encoding="UTF-8"?>
<testng-results skipped="0" failed="0" ignored="0" total="1" passed="1">
  <reporter-output>
  </reporter-output>
  <suite name="Default suite" duration-ms="9823" started-at="2023-10-18T17:50:50 EEST" finished-at="2023-10-18T17:51:00 EEST">
    <groups>
      <group name="cucumber">
        <method signature="AbstractTestNGCucumberTests.runScenario(io.cucumber.testng.PickleWrapper,io.cucumber.testng.FeatureWrapper)[pri:0, instance:ofaqa.cucumber.TestNGTestRunner@6fb0d3ed]" name="runScenario" class="io.cucumber.testng.AbstractTestNGCucumberTests"/>
      </group> <!-- cucumber -->
    </groups>
    <test name="Default test" duration-ms="9823" started-at="2023-10-18T17:50:50 EEST" finished-at="2023-10-18T17:51:00 EEST">
      <class name="ofaqa.cucumber.TestNGTestRunner">
        <test-method status="PASS" signature="setUpClass(org.testng.ITestContext)[pri:0, instance:ofaqa.cucumber.TestNGTestRunner@6fb0d3ed]" name="setUpClass" is-config="true" duration-ms="813" started-at="2023-10-18T17:50:50 EEST" finished-at="2023-10-18T17:50:51 EEST">
          <params>
            <param index="0">
              <value>
                <![CDATA[org.testng.TestRunner@15dc339f]]>
              </value>
            </param>
          </params>
          <reporter-output>
          </reporter-output>
        </test-method> <!-- setUpClass -->
        <test-method status="PASS" signature="runScenario(io.cucumber.testng.PickleWrapper,io.cucumber.testng.FeatureWrapper)[pri:0, instance:ofaqa.cucumber.TestNGTestRunner@6fb0d3ed]" name="runScenario" duration-ms="8832" started-at="2023-10-18T17:50:51 EEST" description="Runs Cucumber Scenarios" data-provider="scenarios" finished-at="2023-10-18T17:51:00 EEST">
          <params>
            <param index="0">
              <value>
                <![CDATA["Positive test of submitting the order"]]>
              </value>
            </param>
            <param index="1">
              <value>
                <![CDATA["Error validation"]]>
              </value>
            </param>
          </params>
          <reporter-output>
          </reporter-output>
        </test-method> <!-- runScenario -->
        <test-method status="PASS" signature="tearDownClass()[pri:0, instance:ofaqa.cucumber.TestNGTestRunner@6fb0d3ed]" name="tearDownClass" is-config="true" duration-ms="130" started-at="2023-10-18T17:51:00 EEST" finished-at="2023-10-18T17:51:00 EEST">
          <reporter-output>
          </reporter-output>
        </test-method> <!-- tearDownClass -->
      </class> <!-- ofaqa.cucumber.TestNGTestRunner -->
    </test> <!-- Default test -->
  </suite> <!-- Default suite -->
</testng-results>
